0 info it worked if it ends with ok
1 verbose cli [ 'node', '/usr/local/bin/npm', 'prune' ]
2 info using npm@1.4.28
3 info using node@v0.10.32
4 warn package.json Timer@0.0.1 No repository field.
5 warn package.json Timer@0.0.1 No README data
6 verbose node_modules/grunt-contrib-concat unbuild
7 verbose node_modules/grunt-contrib-copy unbuild
8 verbose node_modules/underscore unbuild
9 verbose node_modules/gulp-rename unbuild
10 verbose node_modules/jquery unbuild
11 verbose node_modules/grunt-concurrent unbuild
12 verbose node_modules/grunt-env unbuild
13 verbose node_modules/grunt-preprocess unbuild
14 verbose node_modules/grunt-contrib-sass unbuild
15 verbose node_modules/grunt-contrib-uglify unbuild
16 verbose node_modules/grunt-shell unbuild
17 verbose node_modules/gulp-sourcemaps unbuild
18 verbose node_modules/gulp-html-replace unbuild
19 verbose node_modules/grunt-contrib-watch unbuild
20 verbose node_modules/react unbuild
21 verbose node_modules/grunt-contrib-cssmin unbuild
22 verbose node_modules/grunt-contrib-less unbuild
23 verbose node_modules/grunt-react unbuild
24 verbose node_modules/reactify unbuild
25 verbose node_modules/gulp-uglify unbuild
26 verbose node_modules/gulp-streamify unbuild
27 verbose node_modules/gulp-minify-css unbuild
28 verbose node_modules/sassify unbuild
29 verbose node_modules/grunt-nodemon unbuild
30 verbose node_modules/watchify unbuild
31 verbose node_modules/grunt-browserify unbuild
32 info preuninstall grunt-contrib-concat@0.3.0
33 info preuninstall grunt-contrib-copy@0.5.0
34 info preuninstall underscore@1.7.0
35 info preuninstall grunt-concurrent@0.4.3
36 info preuninstall grunt-env@0.4.4
37 info preuninstall grunt-preprocess@4.0.0
38 info preuninstall grunt-contrib-sass@0.9.2
39 info preuninstall grunt-contrib-uglify@0.2.7
40 info preuninstall grunt-shell@1.1.2
41 info preuninstall gulp-sourcemaps@1.5.2
42 info preuninstall grunt-contrib-watch@0.5.3
43 info preuninstall grunt-contrib-cssmin@0.9.0
44 info preuninstall grunt-contrib-less@0.11.4
45 info preuninstall gulp-uglify@1.2.0
46 info preuninstall grunt-nodemon@0.2.1
47 info preuninstall watchify@3.2.0
48 info uninstall grunt-contrib-concat@0.3.0
49 info uninstall grunt-contrib-copy@0.5.0
50 info uninstall underscore@1.7.0
51 info uninstall grunt-concurrent@0.4.3
52 info uninstall grunt-env@0.4.4
53 info uninstall grunt-preprocess@4.0.0
54 info uninstall grunt-contrib-sass@0.9.2
55 info uninstall grunt-contrib-uglify@0.2.7
56 info uninstall grunt-shell@1.1.2
57 info uninstall gulp-sourcemaps@1.5.2
58 info uninstall grunt-contrib-watch@0.5.3
59 info uninstall grunt-contrib-cssmin@0.9.0
60 info uninstall grunt-contrib-less@0.11.4
61 info uninstall gulp-uglify@1.2.0
62 info uninstall grunt-nodemon@0.2.1
63 info uninstall watchify@3.2.0
64 verbose true,/Users/diana.suvorova/Documents/Dev/Timer/node_modules,/Users/diana.suvorova/Documents/Dev/Timer/node_modules unbuild grunt-contrib-concat@0.3.0
65 info postuninstall grunt-contrib-concat@0.3.0
66 verbose true,/Users/diana.suvorova/Documents/Dev/Timer/node_modules,/Users/diana.suvorova/Documents/Dev/Timer/node_modules unbuild grunt-contrib-copy@0.5.0
67 info postuninstall grunt-contrib-copy@0.5.0
68 verbose true,/Users/diana.suvorova/Documents/Dev/Timer/node_modules,/Users/diana.suvorova/Documents/Dev/Timer/node_modules unbuild underscore@1.7.0
69 info postuninstall underscore@1.7.0
70 verbose true,/Users/diana.suvorova/Documents/Dev/Timer/node_modules,/Users/diana.suvorova/Documents/Dev/Timer/node_modules unbuild grunt-concurrent@0.4.3
71 info postuninstall grunt-concurrent@0.4.3
72 verbose true,/Users/diana.suvorova/Documents/Dev/Timer/node_modules,/Users/diana.suvorova/Documents/Dev/Timer/node_modules unbuild grunt-env@0.4.4
73 info postuninstall grunt-env@0.4.4
74 verbose true,/Users/diana.suvorova/Documents/Dev/Timer/node_modules,/Users/diana.suvorova/Documents/Dev/Timer/node_modules unbuild grunt-preprocess@4.0.0
75 verbose /Users/diana.suvorova/Documents/Dev/Timer/node_modules/.bin,[object Object] binRoot
76 verbose true,/Users/diana.suvorova/Documents/Dev/Timer/node_modules,/Users/diana.suvorova/Documents/Dev/Timer/node_modules unbuild grunt-contrib-sass@0.9.2
77 info postuninstall grunt-contrib-sass@0.9.2
78 verbose true,/Users/diana.suvorova/Documents/Dev/Timer/node_modules,/Users/diana.suvorova/Documents/Dev/Timer/node_modules unbuild grunt-contrib-uglify@0.2.7
79 info postuninstall grunt-contrib-uglify@0.2.7
80 verbose true,/Users/diana.suvorova/Documents/Dev/Timer/node_modules,/Users/diana.suvorova/Documents/Dev/Timer/node_modules unbuild grunt-shell@1.1.2
81 info postuninstall grunt-shell@1.1.2
82 verbose true,/Users/diana.suvorova/Documents/Dev/Timer/node_modules,/Users/diana.suvorova/Documents/Dev/Timer/node_modules unbuild gulp-sourcemaps@1.5.2
83 info postuninstall gulp-sourcemaps@1.5.2
84 verbose true,/Users/diana.suvorova/Documents/Dev/Timer/node_modules,/Users/diana.suvorova/Documents/Dev/Timer/node_modules unbuild grunt-contrib-watch@0.5.3
85 info postuninstall grunt-contrib-watch@0.5.3
86 verbose true,/Users/diana.suvorova/Documents/Dev/Timer/node_modules,/Users/diana.suvorova/Documents/Dev/Timer/node_modules unbuild grunt-contrib-cssmin@0.9.0
87 info postuninstall grunt-contrib-cssmin@0.9.0
88 verbose true,/Users/diana.suvorova/Documents/Dev/Timer/node_modules,/Users/diana.suvorova/Documents/Dev/Timer/node_modules unbuild grunt-contrib-less@0.11.4
89 info postuninstall grunt-contrib-less@0.11.4
90 verbose true,/Users/diana.suvorova/Documents/Dev/Timer/node_modules,/Users/diana.suvorova/Documents/Dev/Timer/node_modules unbuild gulp-uglify@1.2.0
91 info postuninstall gulp-uglify@1.2.0
92 verbose true,/Users/diana.suvorova/Documents/Dev/Timer/node_modules,/Users/diana.suvorova/Documents/Dev/Timer/node_modules unbuild grunt-nodemon@0.2.1
93 info postuninstall grunt-nodemon@0.2.1
94 verbose true,/Users/diana.suvorova/Documents/Dev/Timer/node_modules,/Users/diana.suvorova/Documents/Dev/Timer/node_modules unbuild watchify@3.2.0
95 verbose /Users/diana.suvorova/Documents/Dev/Timer/node_modules/.bin,[object Object] binRoot
96 info preuninstall jquery@2.1.4
97 info preuninstall gulp-rename@1.2.2
98 info preuninstall gulp-html-replace@1.4.5
99 info preuninstall react@0.13.2
100 info preuninstall grunt-react@0.12.1
101 info preuninstall reactify@1.1.0
102 info preuninstall gulp-streamify@0.0.5
103 info preuninstall gulp-minify-css@1.1.1
104 info preuninstall sassify@0.7.0
105 info preuninstall grunt-browserify@3.7.0
106 info uninstall jquery@2.1.4
107 info uninstall gulp-rename@1.2.2
108 info postuninstall grunt-preprocess@4.0.0
109 info uninstall gulp-html-replace@1.4.5
110 info uninstall react@0.13.2
111 info uninstall grunt-react@0.12.1
112 info uninstall reactify@1.1.0
113 info uninstall gulp-streamify@0.0.5
114 info uninstall gulp-minify-css@1.1.1
115 info uninstall sassify@0.7.0
116 info postuninstall watchify@3.2.0
117 info uninstall grunt-browserify@3.7.0
118 verbose true,/Users/diana.suvorova/Documents/Dev/Timer/node_modules,/Users/diana.suvorova/Documents/Dev/Timer/node_modules unbuild jquery@2.1.4
119 info postuninstall jquery@2.1.4
120 verbose true,/Users/diana.suvorova/Documents/Dev/Timer/node_modules,/Users/diana.suvorova/Documents/Dev/Timer/node_modules unbuild gulp-rename@1.2.2
121 info postuninstall gulp-rename@1.2.2
122 verbose true,/Users/diana.suvorova/Documents/Dev/Timer/node_modules,/Users/diana.suvorova/Documents/Dev/Timer/node_modules unbuild gulp-html-replace@1.4.5
123 info postuninstall gulp-html-replace@1.4.5
124 verbose true,/Users/diana.suvorova/Documents/Dev/Timer/node_modules,/Users/diana.suvorova/Documents/Dev/Timer/node_modules unbuild react@0.13.2
125 info postuninstall react@0.13.2
126 verbose true,/Users/diana.suvorova/Documents/Dev/Timer/node_modules,/Users/diana.suvorova/Documents/Dev/Timer/node_modules unbuild grunt-react@0.12.1
127 info postuninstall grunt-react@0.12.1
128 verbose true,/Users/diana.suvorova/Documents/Dev/Timer/node_modules,/Users/diana.suvorova/Documents/Dev/Timer/node_modules unbuild reactify@1.1.0
129 info postuninstall reactify@1.1.0
130 verbose true,/Users/diana.suvorova/Documents/Dev/Timer/node_modules,/Users/diana.suvorova/Documents/Dev/Timer/node_modules unbuild gulp-streamify@0.0.5
131 info postuninstall gulp-streamify@0.0.5
132 verbose true,/Users/diana.suvorova/Documents/Dev/Timer/node_modules,/Users/diana.suvorova/Documents/Dev/Timer/node_modules unbuild gulp-minify-css@1.1.1
133 info postuninstall gulp-minify-css@1.1.1
134 verbose true,/Users/diana.suvorova/Documents/Dev/Timer/node_modules,/Users/diana.suvorova/Documents/Dev/Timer/node_modules unbuild sassify@0.7.0
135 info postuninstall sassify@0.7.0
136 verbose true,/Users/diana.suvorova/Documents/Dev/Timer/node_modules,/Users/diana.suvorova/Documents/Dev/Timer/node_modules unbuild grunt-browserify@3.7.0
137 info postuninstall grunt-browserify@3.7.0
138 error Error: EACCES, unlink '/Users/diana.suvorova/Documents/Dev/Timer/node_modules/gulp-uglify/node_modules/.bin/uglifyjs'
138 error  { [Error: EACCES, unlink '/Users/diana.suvorova/Documents/Dev/Timer/node_modules/gulp-uglify/node_modules/.bin/uglifyjs']
138 error   errno: 3,
138 error   code: 'EACCES',
138 error   path: '/Users/diana.suvorova/Documents/Dev/Timer/node_modules/gulp-uglify/node_modules/.bin/uglifyjs' }
139 error Please try running this command again as root/Administrator.
140 error System Darwin 13.4.0
141 error command "node" "/usr/local/bin/npm" "prune"
142 error cwd /Users/diana.suvorova/Documents/Dev/Timer
143 error node -v v0.10.32
144 error npm -v 1.4.28
145 error path /Users/diana.suvorova/Documents/Dev/Timer/node_modules/gulp-uglify/node_modules/.bin/uglifyjs
146 error code EACCES
147 error errno 3
148 error stack Error: EACCES, unlink '/Users/diana.suvorova/Documents/Dev/Timer/node_modules/gulp-uglify/node_modules/.bin/uglifyjs'
149 verbose exit [ 3, true ]
